
-----------------
Entry Date/Time: 2014-08-26 09:06:25
    Comment: Error saving user
	
Stack Trace: 
coldfusion.runtime.UndefinedElementException: Element SUSERNAME is undefined in RC.
	at coldfusion.runtime.DotResolver.resolveSplitNameInMap(DotResolver.java:109)
	at coldfusion.runtime.CfJspPage._resolve(CfJspPage.java:1615)
	at coldfusion.runtime.CfJspPage._resolveAndAutoscalarize(CfJspPage.java:1794)
	at coldfusion.runtime.CfJspPage._resolveAndAutoscalarize(CfJspPage.java:1787)
	at cfuser2ecfc444085094$funcSAVE.runFunction(/data/web/projects/pickem/controllers/user.cfc:51)
	at coldfusion.runtime.UDFMethod.invoke(UDFMethod.java:472)
	at coldfusion.runtime.UDFMethod$ReturnTypeFilter.invoke(UDFMethod.java:405)
	at coldfusion.runtime.UDFMethod$ArgumentCollectionFilter.invoke(UDFMethod.java:368)
	at coldfusion.filter.FunctionAccessFilter.invoke(FunctionAccessFilter.java:55)
	at coldfusion.runtime.UDFMethod.runFilterChain(UDFMethod.java:321)
	at coldfusion.runtime.UDFMethod.invoke(UDFMethod.java:517)
	at coldfusion.runtime.TemplateProxy.invoke(TemplateProxy.java:496)
	at coldfusion.runtime.TemplateProxy.invoke(TemplateProxy.java:355)
	at coldfusion.runtime.CfJspPage._invoke(CfJspPage.java:2301)
	at Statement51.evaluate(<generated>:1)
	at coldfusion.compiler.ExprClassLoader.evaluate(ExprClassLoader.java:143)
	at coldfusion.runtime.CFPage.Evaluate(CFPage.java:1759)
	at cfframework2ecfc122977215$funcDOCONTROLLER.runFunction(/data/web/projects/pickem/framework.cfc:1110)
	at coldfusion.runtime.UDFMethod.invoke(UDFMethod.java:472)
	at coldfusion.runtime.UDFMethod$ReturnTypeFilter.invoke(UDFMethod.java:405)
	at coldfusion.runtime.UDFMethod$ArgumentCollectionFilter.invoke(UDFMethod.java:368)
	at coldfusion.filter.FunctionAccessFilter.invoke(FunctionAccessFilter.java:55)
	at coldfusion.runtime.UDFMethod.runFilterChain(UDFMethod.java:321)
	at coldfusion.runtime.UDFMethod.invoke(UDFMethod.java:220)
	at coldfusion.runtime.CfJspPage._invokeUDF(CfJspPage.java:2582)
	at cfframework2ecfc122977215$funcONREQUEST.runFunction(/data/web/projects/pickem/framework.cfc:623)
	at coldfusion.runtime.UDFMethod.invoke(UDFMethod.java:472)
	at coldfusion.runtime.UDFMethod$ReturnTypeFilter.invoke(UDFMethod.java:405)
	at coldfusion.runtime.UDFMethod$ArgumentCollectionFilter.invoke(UDFMethod.java:368)
	at coldfusion.filter.FunctionAccessFilter.invoke(FunctionAccessFilter.java:55)
	at coldfusion.runtime.UDFMethod.runFilterChain(UDFMethod.java:321)
	at coldfusion.runtime.UDFMethod.invoke(UDFMethod.java:220)
	at coldfusion.runtime.TemplateProxy.invoke(TemplateProxy.java:491)
	at coldfusion.runtime.TemplateProxy.invoke(TemplateProxy.java:337)
	at coldfusion.runtime.AppEventInvoker.invoke(AppEventInvoker.java:88)
	at coldfusion.runtime.AppEventInvoker.onRequest(AppEventInvoker.java:280)
	at coldfusion.filter.ApplicationFilter.invoke(ApplicationFilter.java:356)
	at coldfusion.filter.RequestMonitorFilter.invoke(RequestMonitorFilter.java:48)
	at coldfusion.filter.MonitoringFilter.invoke(MonitoringFilter.java:40)
	at coldfusion.filter.PathFilter.invoke(PathFilter.java:94)
	at coldfusion.filter.ExceptionFilter.invoke(ExceptionFilter.java:70)
	at coldfusion.filter.ClientScopePersistenceFilter.invoke(ClientScopePersistenceFilter.java:28)
	at coldfusion.filter.BrowserFilter.invoke(BrowserFilter.java:38)
	at coldfusion.filter.NoCacheFilter.invoke(NoCacheFilter.java:46)
	at coldfusion.filter.GlobalsFilter.invoke(GlobalsFilter.java:38)
	at coldfusion.filter.DatasourceFilter.invoke(DatasourceFilter.java:22)
	at coldfusion.filter.CachingFilter.invoke(CachingFilter.java:62)
	at coldfusion.filter.RequestThrottleFilter.invoke(RequestThrottleFilter.java:126)
	at coldfusion.CfmServlet.service(CfmServlet.java:200)
	at coldfusion.bootstrap.BootstrapServlet.service(BootstrapServlet.java:89)
	at jrun.servlet.FilterChain.doFilter(FilterChain.java:86)
	at coldfusion.monitor.event.MonitoringServletFilter.doFilter(MonitoringServletFilter.java:42)
	at coldfusion.bootstrap.BootstrapFilter.doFilter(BootstrapFilter.java:46)
	at jrun.servlet.FilterChain.doFilter(FilterChain.java:94)
	at jrun.servlet.FilterChain.service(FilterChain.java:101)
	at jrun.servlet.ServletInvoker.invoke(ServletInvoker.java:106)
	at jrun.servlet.JRunInvokerChain.invokeNext(JRunInvokerChain.java:42)
	at jrun.servlet.JRunRequestDispatcher.invoke(JRunRequestDispatcher.java:286)
	at jrun.servlet.ServletEngineService.dispatch(ServletEngineService.java:543)
	at jrun.servlet.jrpp.JRunProxyService.invokeRunnable(JRunProxyService.java:203)
	at jrunx.scheduler.ThreadPool$ThreadThrottle.invokeRunnable(ThreadPool.java:428)
	at jrunx.scheduler.WorkerThread.run(WorkerThread.java:66)

		
-----------------
Entry Date/Time: 2014-08-26 09:08:01
    Comment: Error saving user
	
Stack Trace: 
coldfusion.runtime.UndefinedElementException: Element SUSERNAME is undefined in RC.
	at coldfusion.runtime.DotResolver.resolveSplitNameInMap(DotResolver.java:109)
	at coldfusion.runtime.CfJspPage._resolve(CfJspPage.java:1615)
	at coldfusion.runtime.CfJspPage._resolveAndAutoscalarize(CfJspPage.java:1794)
	at coldfusion.runtime.CfJspPage._resolveAndAutoscalarize(CfJspPage.java:1787)
	at cfuser2ecfc444085094$funcSAVE.runFunction(/data/web/projects/pickem/controllers/user.cfc:51)
	at coldfusion.runtime.UDFMethod.invoke(UDFMethod.java:472)
	at coldfusion.runtime.UDFMethod$ReturnTypeFilter.invoke(UDFMethod.java:405)
	at coldfusion.runtime.UDFMethod$ArgumentCollectionFilter.invoke(UDFMethod.java:368)
	at coldfusion.filter.FunctionAccessFilter.invoke(FunctionAccessFilter.java:55)
	at coldfusion.runtime.UDFMethod.runFilterChain(UDFMethod.java:321)
	at coldfusion.runtime.UDFMethod.invoke(UDFMethod.java:517)
	at coldfusion.runtime.TemplateProxy.invoke(TemplateProxy.java:496)
	at coldfusion.runtime.TemplateProxy.invoke(TemplateProxy.java:355)
	at coldfusion.runtime.CfJspPage._invoke(CfJspPage.java:2301)
	at Statement51.evaluate(<generated>:1)
	at coldfusion.compiler.ExprClassLoader.evaluate(ExprClassLoader.java:143)
	at coldfusion.runtime.CFPage.Evaluate(CFPage.java:1759)
	at cfframework2ecfc122977215$funcDOCONTROLLER.runFunction(/data/web/projects/pickem/framework.cfc:1110)
	at coldfusion.runtime.UDFMethod.invoke(UDFMethod.java:472)
	at coldfusion.runtime.UDFMethod$ReturnTypeFilter.invoke(UDFMethod.java:405)
	at coldfusion.runtime.UDFMethod$ArgumentCollectionFilter.invoke(UDFMethod.java:368)
	at coldfusion.filter.FunctionAccessFilter.invoke(FunctionAccessFilter.java:55)
	at coldfusion.runtime.UDFMethod.runFilterChain(UDFMethod.java:321)
	at coldfusion.runtime.UDFMethod.invoke(UDFMethod.java:220)
	at coldfusion.runtime.CfJspPage._invokeUDF(CfJspPage.java:2582)
	at cfframework2ecfc122977215$funcONREQUEST.runFunction(/data/web/projects/pickem/framework.cfc:623)
	at coldfusion.runtime.UDFMethod.invoke(UDFMethod.java:472)
	at coldfusion.runtime.UDFMethod$ReturnTypeFilter.invoke(UDFMethod.java:405)
	at coldfusion.runtime.UDFMethod$ArgumentCollectionFilter.invoke(UDFMethod.java:368)
	at coldfusion.filter.FunctionAccessFilter.invoke(FunctionAccessFilter.java:55)
	at coldfusion.runtime.UDFMethod.runFilterChain(UDFMethod.java:321)
	at coldfusion.runtime.UDFMethod.invoke(UDFMethod.java:220)
	at coldfusion.runtime.TemplateProxy.invoke(TemplateProxy.java:491)
	at coldfusion.runtime.TemplateProxy.invoke(TemplateProxy.java:337)
	at coldfusion.runtime.AppEventInvoker.invoke(AppEventInvoker.java:88)
	at coldfusion.runtime.AppEventInvoker.onRequest(AppEventInvoker.java:280)
	at coldfusion.filter.ApplicationFilter.invoke(ApplicationFilter.java:356)
	at coldfusion.filter.RequestMonitorFilter.invoke(RequestMonitorFilter.java:48)
	at coldfusion.filter.MonitoringFilter.invoke(MonitoringFilter.java:40)
	at coldfusion.filter.PathFilter.invoke(PathFilter.java:94)
	at coldfusion.filter.ExceptionFilter.invoke(ExceptionFilter.java:70)
	at coldfusion.filter.ClientScopePersistenceFilter.invoke(ClientScopePersistenceFilter.java:28)
	at coldfusion.filter.BrowserFilter.invoke(BrowserFilter.java:38)
	at coldfusion.filter.NoCacheFilter.invoke(NoCacheFilter.java:46)
	at coldfusion.filter.GlobalsFilter.invoke(GlobalsFilter.java:38)
	at coldfusion.filter.DatasourceFilter.invoke(DatasourceFilter.java:22)
	at coldfusion.filter.CachingFilter.invoke(CachingFilter.java:62)
	at coldfusion.filter.RequestThrottleFilter.invoke(RequestThrottleFilter.java:126)
	at coldfusion.CfmServlet.service(CfmServlet.java:200)
	at coldfusion.bootstrap.BootstrapServlet.service(BootstrapServlet.java:89)
	at jrun.servlet.FilterChain.doFilter(FilterChain.java:86)
	at coldfusion.monitor.event.MonitoringServletFilter.doFilter(MonitoringServletFilter.java:42)
	at coldfusion.bootstrap.BootstrapFilter.doFilter(BootstrapFilter.java:46)
	at jrun.servlet.FilterChain.doFilter(FilterChain.java:94)
	at jrun.servlet.FilterChain.service(FilterChain.java:101)
	at jrun.servlet.ServletInvoker.invoke(ServletInvoker.java:106)
	at jrun.servlet.JRunInvokerChain.invokeNext(JRunInvokerChain.java:42)
	at jrun.servlet.JRunRequestDispatcher.invoke(JRunRequestDispatcher.java:286)
	at jrun.servlet.ServletEngineService.dispatch(ServletEngineService.java:543)
	at jrun.servlet.jrpp.JRunProxyService.invokeRunnable(JRunProxyService.java:203)
	at jrunx.scheduler.ThreadPool$ThreadThrottle.invokeRunnable(ThreadPool.java:428)
	at jrunx.scheduler.WorkerThread.run(WorkerThread.java:66)

		
